<?xml version="1.0" encoding="UTF-8"?>
<testsuite xmlns:xsi="http://www.w3.org/2001/XMLSchema-instance" xsi:noNamespaceSchemaLocation="https://maven.apache.org/surefire/maven-surefire-plugin/xsd/surefire-test-report.xsd" name="service.BagServiceTest" time="0.051" tests="1" errors="0" skipped="0" failures="0">
  <properties>
    <property name="java.specification.version" value="17"/>
    <property name="sun.jnu.encoding" value="UTF-8"/>
    <property name="java.class.path" value="/Users/hakan.dagdelen/Desktop/hakan-dagdelen-case/fleet-management-app/fleet-management-service/target/test-classes:/Users/hakan.dagdelen/Desktop/hakan-dagdelen-case/fleet-management-app/fleet-management-service/target/classes:/Users/hakan.dagdelen/.m2/repository/org/projectlombok/lombok/1.18.22/lombok-1.18.22.jar:/Users/hakan.dagdelen/.m2/repository/org/springframework/boot/spring-boot-starter-test/2.3.0.RELEASE/spring-boot-starter-test-2.3.0.RELEASE.jar:/Users/hakan.dagdelen/.m2/repository/org/springframework/boot/spring-boot-starter/2.3.0.RELEASE/spring-boot-starter-2.3.0.RELEASE.jar:/Users/hakan.dagdelen/.m2/repository/org/springframework/boot/spring-boot/2.3.0.RELEASE/spring-boot-2.3.0.RELEASE.jar:/Users/hakan.dagdelen/.m2/repository/org/springframework/boot/spring-boot-autoconfigure/2.3.0.RELEASE/spring-boot-autoconfigure-2.3.0.RELEASE.jar:/Users/hakan.dagdelen/.m2/repository/org/springframework/boot/spring-boot-starter-logging/2.3.0.RELEASE/spring-boot-starter-logging-2.3.0.RELEASE.jar:/Users/hakan.dagdelen/.m2/repository/ch/qos/logback/logback-classic/1.2.3/logback-classic-1.2.3.jar:/Users/hakan.dagdelen/.m2/repository/ch/qos/logback/logback-core/1.2.3/logback-core-1.2.3.jar:/Users/hakan.dagdelen/.m2/repository/org/apache/logging/log4j/log4j-to-slf4j/2.13.2/log4j-to-slf4j-2.13.2.jar:/Users/hakan.dagdelen/.m2/repository/org/apache/logging/log4j/log4j-api/2.13.2/log4j-api-2.13.2.jar:/Users/hakan.dagdelen/.m2/repository/org/slf4j/jul-to-slf4j/1.7.30/jul-to-slf4j-1.7.30.jar:/Users/hakan.dagdelen/.m2/repository/jakarta/annotation/jakarta.annotation-api/1.3.5/jakarta.annotation-api-1.3.5.jar:/Users/hakan.dagdelen/.m2/repository/org/yaml/snakeyaml/1.26/snakeyaml-1.26.jar:/Users/hakan.dagdelen/.m2/repository/org/springframework/boot/spring-boot-test/2.3.0.RELEASE/spring-boot-test-2.3.0.RELEASE.jar:/Users/hakan.dagdelen/.m2/repository/org/springframework/boot/spring-boot-test-autoconfigure/2.3.0.RELEASE/spring-boot-test-autoconfigure-2.3.0.RELEASE.jar:/Users/hakan.dagdelen/.m2/repository/com/jayway/jsonpath/json-path/2.4.0/json-path-2.4.0.jar:/Users/hakan.dagdelen/.m2/repository/net/minidev/json-smart/2.3/json-smart-2.3.jar:/Users/hakan.dagdelen/.m2/repository/net/minidev/accessors-smart/1.2/accessors-smart-1.2.jar:/Users/hakan.dagdelen/.m2/repository/org/ow2/asm/asm/5.0.4/asm-5.0.4.jar:/Users/hakan.dagdelen/.m2/repository/jakarta/xml/bind/jakarta.xml.bind-api/2.3.3/jakarta.xml.bind-api-2.3.3.jar:/Users/hakan.dagdelen/.m2/repository/jakarta/activation/jakarta.activation-api/1.2.2/jakarta.activation-api-1.2.2.jar:/Users/hakan.dagdelen/.m2/repository/org/hamcrest/hamcrest/2.2/hamcrest-2.2.jar:/Users/hakan.dagdelen/.m2/repository/org/junit/jupiter/junit-jupiter/5.6.2/junit-jupiter-5.6.2.jar:/Users/hakan.dagdelen/.m2/repository/org/junit/jupiter/junit-jupiter-engine/5.6.2/junit-jupiter-engine-5.6.2.jar:/Users/hakan.dagdelen/.m2/repository/org/junit/vintage/junit-vintage-engine/5.6.2/junit-vintage-engine-5.6.2.jar:/Users/hakan.dagdelen/.m2/repository/org/junit/platform/junit-platform-engine/1.6.2/junit-platform-engine-1.6.2.jar:/Users/hakan.dagdelen/.m2/repository/junit/junit/4.13/junit-4.13.jar:/Users/hakan.dagdelen/.m2/repository/org/mockito/mockito-core/3.3.3/mockito-core-3.3.3.jar:/Users/hakan.dagdelen/.m2/repository/net/bytebuddy/byte-buddy/1.10.10/byte-buddy-1.10.10.jar:/Users/hakan.dagdelen/.m2/repository/net/bytebuddy/byte-buddy-agent/1.10.10/byte-buddy-agent-1.10.10.jar:/Users/hakan.dagdelen/.m2/repository/org/objenesis/objenesis/2.6/objenesis-2.6.jar:/Users/hakan.dagdelen/.m2/repository/org/mockito/mockito-junit-jupiter/3.3.3/mockito-junit-jupiter-3.3.3.jar:/Users/hakan.dagdelen/.m2/repository/org/skyscreamer/jsonassert/1.5.0/jsonassert-1.5.0.jar:/Users/hakan.dagdelen/.m2/repository/com/vaadin/external/google/android-json/0.0.20131108.vaadin1/android-json-0.0.20131108.vaadin1.jar:/Users/hakan.dagdelen/.m2/repository/org/springframework/spring-core/5.2.6.RELEASE/spring-core-5.2.6.RELEASE.jar:/Users/hakan.dagdelen/.m2/repository/org/springframework/spring-jcl/5.2.6.RELEASE/spring-jcl-5.2.6.RELEASE.jar:/Users/hakan.dagdelen/.m2/repository/org/springframework/spring-test/5.2.6.RELEASE/spring-test-5.2.6.RELEASE.jar:/Users/hakan.dagdelen/.m2/repository/org/xmlunit/xmlunit-core/2.7.0/xmlunit-core-2.7.0.jar:/Users/hakan.dagdelen/.m2/repository/org/springframework/boot/spring-boot-starter-data-jpa/2.3.0.RELEASE/spring-boot-starter-data-jpa-2.3.0.RELEASE.jar:/Users/hakan.dagdelen/.m2/repository/org/springframework/boot/spring-boot-starter-aop/2.3.0.RELEASE/spring-boot-starter-aop-2.3.0.RELEASE.jar:/Users/hakan.dagdelen/.m2/repository/org/springframework/spring-aop/5.2.6.RELEASE/spring-aop-5.2.6.RELEASE.jar:/Users/hakan.dagdelen/.m2/repository/org/aspectj/aspectjweaver/1.9.5/aspectjweaver-1.9.5.jar:/Users/hakan.dagdelen/.m2/repository/org/springframework/boot/spring-boot-starter-jdbc/2.3.0.RELEASE/spring-boot-starter-jdbc-2.3.0.RELEASE.jar:/Users/hakan.dagdelen/.m2/repository/com/zaxxer/HikariCP/3.4.5/HikariCP-3.4.5.jar:/Users/hakan.dagdelen/.m2/repository/org/springframework/spring-jdbc/5.2.6.RELEASE/spring-jdbc-5.2.6.RELEASE.jar:/Users/hakan.dagdelen/.m2/repository/jakarta/transaction/jakarta.transaction-api/1.3.3/jakarta.transaction-api-1.3.3.jar:/Users/hakan.dagdelen/.m2/repository/jakarta/persistence/jakarta.persistence-api/2.2.3/jakarta.persistence-api-2.2.3.jar:/Users/hakan.dagdelen/.m2/repository/org/hibernate/hibernate-core/5.4.15.Final/hibernate-core-5.4.15.Final.jar:/Users/hakan.dagdelen/.m2/repository/org/jboss/logging/jboss-logging/3.4.1.Final/jboss-logging-3.4.1.Final.jar:/Users/hakan.dagdelen/.m2/repository/org/javassist/javassist/3.24.0-GA/javassist-3.24.0-GA.jar:/Users/hakan.dagdelen/.m2/repository/antlr/antlr/2.7.7/antlr-2.7.7.jar:/Users/hakan.dagdelen/.m2/repository/org/jboss/jandex/2.1.3.Final/jandex-2.1.3.Final.jar:/Users/hakan.dagdelen/.m2/repository/org/dom4j/dom4j/2.1.3/dom4j-2.1.3.jar:/Users/hakan.dagdelen/.m2/repository/org/hibernate/common/hibernate-commons-annotations/5.1.0.Final/hibernate-commons-annotations-5.1.0.Final.jar:/Users/hakan.dagdelen/.m2/repository/org/glassfish/jaxb/jaxb-runtime/2.3.3/jaxb-runtime-2.3.3.jar:/Users/hakan.dagdelen/.m2/repository/org/glassfish/jaxb/txw2/2.3.3/txw2-2.3.3.jar:/Users/hakan.dagdelen/.m2/repository/com/sun/istack/istack-commons-runtime/3.0.11/istack-commons-runtime-3.0.11.jar:/Users/hakan.dagdelen/.m2/repository/com/sun/activation/jakarta.activation/1.2.2/jakarta.activation-1.2.2.jar:/Users/hakan.dagdelen/.m2/repository/org/springframework/data/spring-data-jpa/2.3.0.RELEASE/spring-data-jpa-2.3.0.RELEASE.jar:/Users/hakan.dagdelen/.m2/repository/org/springframework/data/spring-data-commons/2.3.0.RELEASE/spring-data-commons-2.3.0.RELEASE.jar:/Users/hakan.dagdelen/.m2/repository/org/springframework/spring-orm/5.2.6.RELEASE/spring-orm-5.2.6.RELEASE.jar:/Users/hakan.dagdelen/.m2/repository/org/springframework/spring-context/5.2.6.RELEASE/spring-context-5.2.6.RELEASE.jar:/Users/hakan.dagdelen/.m2/repository/org/springframework/spring-tx/5.2.6.RELEASE/spring-tx-5.2.6.RELEASE.jar:/Users/hakan.dagdelen/.m2/repository/org/springframework/spring-beans/5.2.6.RELEASE/spring-beans-5.2.6.RELEASE.jar:/Users/hakan.dagdelen/.m2/repository/org/springframework/spring-aspects/5.2.6.RELEASE/spring-aspects-5.2.6.RELEASE.jar:/Users/hakan.dagdelen/.m2/repository/mysql/mysql-connector-java/8.0.28/mysql-connector-java-8.0.28.jar:/Users/hakan.dagdelen/.m2/repository/org/mapstruct/mapstruct/1.4.2.Final/mapstruct-1.4.2.Final.jar:/Users/hakan.dagdelen/.m2/repository/org/apache/commons/commons-lang3/3.12.0/commons-lang3-3.12.0.jar:/Users/hakan.dagdelen/.m2/repository/com/google/code/gson/gson/2.9.0/gson-2.9.0.jar:/Users/hakan.dagdelen/.m2/repository/org/apache/commons/commons-collections4/4.4/commons-collections4-4.4.jar:/Users/hakan.dagdelen/.m2/repository/javax/validation/validation-api/2.0.1.Final/validation-api-2.0.1.Final.jar:/Users/hakan.dagdelen/.m2/repository/org/springframework/cloud/spring-cloud-starter-netflix-eureka-client/2.2.0.RELEASE/spring-cloud-starter-netflix-eureka-client-2.2.0.RELEASE.jar:/Users/hakan.dagdelen/.m2/repository/org/springframework/cloud/spring-cloud-starter/2.2.0.RELEASE/spring-cloud-starter-2.2.0.RELEASE.jar:/Users/hakan.dagdelen/.m2/repository/org/springframework/cloud/spring-cloud-context/2.2.0.RELEASE/spring-cloud-context-2.2.0.RELEASE.jar:/Users/hakan.dagdelen/.m2/repository/org/springframework/security/spring-security-crypto/5.3.2.RELEASE/spring-security-crypto-5.3.2.RELEASE.jar:/Users/hakan.dagdelen/.m2/repository/org/springframework/cloud/spring-cloud-commons/2.2.0.RELEASE/spring-cloud-commons-2.2.0.RELEASE.jar:/Users/hakan.dagdelen/.m2/repository/org/springframework/security/spring-security-rsa/1.0.7.RELEASE/spring-security-rsa-1.0.7.RELEASE.jar:/Users/hakan.dagdelen/.m2/repository/org/bouncycastle/bcpkix-jdk15on/1.60/bcpkix-jdk15on-1.60.jar:/Users/hakan.dagdelen/.m2/repository/org/bouncycastle/bcprov-jdk15on/1.60/bcprov-jdk15on-1.60.jar:/Users/hakan.dagdelen/.m2/repository/org/springframework/cloud/spring-cloud-netflix-hystrix/2.2.0.RELEASE/spring-cloud-netflix-hystrix-2.2.0.RELEASE.jar:/Users/hakan.dagdelen/.m2/repository/org/springframework/cloud/spring-cloud-netflix-eureka-client/2.2.0.RELEASE/spring-cloud-netflix-eureka-client-2.2.0.RELEASE.jar:/Users/hakan.dagdelen/.m2/repository/com/netflix/eureka/eureka-client/1.9.13/eureka-client-1.9.13.jar:/Users/hakan.dagdelen/.m2/repository/org/codehaus/jettison/jettison/1.3.7/jettison-1.3.7.jar:/Users/hakan.dagdelen/.m2/repository/stax/stax-api/1.0.1/stax-api-1.0.1.jar:/Users/hakan.dagdelen/.m2/repository/com/netflix/netflix-commons/netflix-eventbus/0.3.0/netflix-eventbus-0.3.0.jar:/Users/hakan.dagdelen/.m2/repository/com/netflix/netflix-commons/netflix-infix/0.3.0/netflix-infix-0.3.0.jar:/Users/hakan.dagdelen/.m2/repository/commons-jxpath/commons-jxpath/1.3/commons-jxpath-1.3.jar:/Users/hakan.dagdelen/.m2/repository/joda-time/joda-time/2.3/joda-time-2.3.jar:/Users/hakan.dagdelen/.m2/repository/org/antlr/antlr-runtime/3.4/antlr-runtime-3.4.jar:/Users/hakan.dagdelen/.m2/repository/org/antlr/stringtemplate/3.2.1/stringtemplate-3.2.1.jar:/Users/hakan.dagdelen/.m2/repository/org/apache/commons/commons-math/2.2/commons-math-2.2.jar:/Users/hakan.dagdelen/.m2/repository/com/netflix/archaius/archaius-core/0.7.6/archaius-core-0.7.6.jar:/Users/hakan.dagdelen/.m2/repository/com/google/guava/guava/16.0/guava-16.0.jar:/Users/hakan.dagdelen/.m2/repository/javax/ws/rs/jsr311-api/1.1.1/jsr311-api-1.1.1.jar:/Users/hakan.dagdelen/.m2/repository/com/netflix/servo/servo-core/0.12.21/servo-core-0.12.21.jar:/Users/hakan.dagdelen/.m2/repository/com/sun/jersey/jersey-core/1.19.1/jersey-core-1.19.1.jar:/Users/hakan.dagdelen/.m2/repository/com/sun/jersey/jersey-client/1.19.1/jersey-client-1.19.1.jar:/Users/hakan.dagdelen/.m2/repository/com/sun/jersey/contribs/jersey-apache-client4/1.19.1/jersey-apache-client4-1.19.1.jar:/Users/hakan.dagdelen/.m2/repository/org/apache/httpcomponents/httpclient/4.5.12/httpclient-4.5.12.jar:/Users/hakan.dagdelen/.m2/repository/org/apache/httpcomponents/httpcore/4.4.13/httpcore-4.4.13.jar:/Users/hakan.dagdelen/.m2/repository/commons-codec/commons-codec/1.14/commons-codec-1.14.jar:/Users/hakan.dagdelen/.m2/repository/com/google/inject/guice/4.1.0/guice-4.1.0.jar:/Users/hakan.dagdelen/.m2/repository/javax/inject/javax.inject/1/javax.inject-1.jar:/Users/hakan.dagdelen/.m2/repository/aopalliance/aopalliance/1.0/aopalliance-1.0.jar:/Users/hakan.dagdelen/.m2/repository/com/fasterxml/jackson/core/jackson-annotations/2.11.0/jackson-annotations-2.11.0.jar:/Users/hakan.dagdelen/.m2/repository/com/fasterxml/jackson/core/jackson-core/2.11.0/jackson-core-2.11.0.jar:/Users/hakan.dagdelen/.m2/repository/com/netflix/eureka/eureka-core/1.9.13/eureka-core-1.9.13.jar:/Users/hakan.dagdelen/.m2/repository/com/fasterxml/woodstox/woodstox-core/5.2.1/woodstox-core-5.2.1.jar:/Users/hakan.dagdelen/.m2/repository/org/codehaus/woodstox/stax2-api/4.2/stax2-api-4.2.jar:/Users/hakan.dagdelen/.m2/repository/org/springframework/cloud/spring-cloud-starter-netflix-archaius/2.2.0.RELEASE/spring-cloud-starter-netflix-archaius-2.2.0.RELEASE.jar:/Users/hakan.dagdelen/.m2/repository/org/springframework/cloud/spring-cloud-netflix-ribbon/2.2.0.RELEASE/spring-cloud-netflix-ribbon-2.2.0.RELEASE.jar:/Users/hakan.dagdelen/.m2/repository/org/springframework/cloud/spring-cloud-netflix-archaius/2.2.0.RELEASE/spring-cloud-netflix-archaius-2.2.0.RELEASE.jar:/Users/hakan.dagdelen/.m2/repository/commons-configuration/commons-configuration/1.8/commons-configuration-1.8.jar:/Users/hakan.dagdelen/.m2/repository/commons-lang/commons-lang/2.6/commons-lang-2.6.jar:/Users/hakan.dagdelen/.m2/repository/org/springframework/cloud/spring-cloud-starter-netflix-ribbon/2.2.0.RELEASE/spring-cloud-starter-netflix-ribbon-2.2.0.RELEASE.jar:/Users/hakan.dagdelen/.m2/repository/com/netflix/ribbon/ribbon/2.3.0/ribbon-2.3.0.jar:/Users/hakan.dagdelen/.m2/repository/com/netflix/ribbon/ribbon-transport/2.3.0/ribbon-transport-2.3.0.jar:/Users/hakan.dagdelen/.m2/repository/io/reactivex/rxnetty-contexts/0.4.9/rxnetty-contexts-0.4.9.jar:/Users/hakan.dagdelen/.m2/repository/io/reactivex/rxnetty-servo/0.4.9/rxnetty-servo-0.4.9.jar:/Users/hakan.dagdelen/.m2/repository/com/netflix/hystrix/hystrix-core/1.5.18/hystrix-core-1.5.18.jar:/Users/hakan.dagdelen/.m2/repository/io/reactivex/rxnetty/0.4.9/rxnetty-0.4.9.jar:/Users/hakan.dagdelen/.m2/repository/com/netflix/ribbon/ribbon-core/2.3.0/ribbon-core-2.3.0.jar:/Users/hakan.dagdelen/.m2/repository/com/netflix/ribbon/ribbon-httpclient/2.3.0/ribbon-httpclient-2.3.0.jar:/Users/hakan.dagdelen/.m2/repository/commons-collections/commons-collections/3.2.2/commons-collections-3.2.2.jar:/Users/hakan.dagdelen/.m2/repository/com/netflix/netflix-commons/netflix-commons-util/0.3.0/netflix-commons-util-0.3.0.jar:/Users/hakan.dagdelen/.m2/repository/com/netflix/ribbon/ribbon-loadbalancer/2.3.0/ribbon-loadbalancer-2.3.0.jar:/Users/hakan.dagdelen/.m2/repository/com/netflix/netflix-commons/netflix-statistics/0.1.1/netflix-statistics-0.1.1.jar:/Users/hakan.dagdelen/.m2/repository/io/reactivex/rxjava/1.3.8/rxjava-1.3.8.jar:/Users/hakan.dagdelen/.m2/repository/org/springframework/cloud/spring-cloud-starter-loadbalancer/2.2.0.RELEASE/spring-cloud-starter-loadbalancer-2.2.0.RELEASE.jar:/Users/hakan.dagdelen/.m2/repository/org/springframework/cloud/spring-cloud-loadbalancer/2.2.0.RELEASE/spring-cloud-loadbalancer-2.2.0.RELEASE.jar:/Users/hakan.dagdelen/.m2/repository/io/projectreactor/reactor-core/3.3.5.RELEASE/reactor-core-3.3.5.RELEASE.jar:/Users/hakan.dagdelen/.m2/repository/org/reactivestreams/reactive-streams/1.0.3/reactive-streams-1.0.3.jar:/Users/hakan.dagdelen/.m2/repository/io/projectreactor/addons/reactor-extra/3.3.3.RELEASE/reactor-extra-3.3.3.RELEASE.jar:/Users/hakan.dagdelen/.m2/repository/org/springframework/boot/spring-boot-starter-cache/2.3.0.RELEASE/spring-boot-starter-cache-2.3.0.RELEASE.jar:/Users/hakan.dagdelen/.m2/repository/org/springframework/spring-context-support/5.2.6.RELEASE/spring-context-support-5.2.6.RELEASE.jar:/Users/hakan.dagdelen/.m2/repository/com/stoyanr/evictor/1.0.0/evictor-1.0.0.jar:/Users/hakan.dagdelen/.m2/repository/com/netflix/ribbon/ribbon-eureka/2.3.0/ribbon-eureka-2.3.0.jar:/Users/hakan.dagdelen/.m2/repository/com/thoughtworks/xstream/xstream/1.4.11.1/xstream-1.4.11.1.jar:/Users/hakan.dagdelen/.m2/repository/xmlpull/xmlpull/1.1.3.1/xmlpull-1.1.3.1.jar:/Users/hakan.dagdelen/.m2/repository/xpp3/xpp3_min/1.1.4c/xpp3_min-1.1.4c.jar:/Users/hakan.dagdelen/.m2/repository/org/springframework/cloud/spring-cloud-starter-zipkin/2.2.0.RELEASE/spring-cloud-starter-zipkin-2.2.0.RELEASE.jar:/Users/hakan.dagdelen/.m2/repository/org/springframework/cloud/spring-cloud-starter-sleuth/2.2.0.RELEASE/spring-cloud-starter-sleuth-2.2.0.RELEASE.jar:/Users/hakan.dagdelen/.m2/repository/org/springframework/cloud/spring-cloud-sleuth-core/2.2.0.RELEASE/spring-cloud-sleuth-core-2.2.0.RELEASE.jar:/Users/hakan.dagdelen/.m2/repository/org/aspectj/aspectjrt/1.9.5/aspectjrt-1.9.5.jar:/Users/hakan.dagdelen/.m2/repository/io/zipkin/brave/brave/5.9.0/brave-5.9.0.jar:/Users/hakan.dagdelen/.m2/repository/io/zipkin/brave/brave-context-log4j2/5.9.0/brave-context-log4j2-5.9.0.jar:/Users/hakan.dagdelen/.m2/repository/io/zipkin/brave/brave-instrumentation-messaging/5.9.0/brave-instrumentation-messaging-5.9.0.jar:/Users/hakan.dagdelen/.m2/repository/io/zipkin/brave/brave-instrumentation-rpc/5.9.0/brave-instrumentation-rpc-5.9.0.jar:/Users/hakan.dagdelen/.m2/repository/io/zipkin/brave/brave-instrumentation-spring-web/5.9.0/brave-instrumentation-spring-web-5.9.0.jar:/Users/hakan.dagdelen/.m2/repository/io/zipkin/brave/brave-instrumentation-http/5.9.0/brave-instrumentation-http-5.9.0.jar:/Users/hakan.dagdelen/.m2/repository/io/zipkin/brave/brave-instrumentation-spring-rabbit/5.9.0/brave-instrumentation-spring-rabbit-5.9.0.jar:/Users/hakan.dagdelen/.m2/repository/io/zipkin/brave/brave-instrumentation-kafka-clients/5.9.0/brave-instrumentation-kafka-clients-5.9.0.jar:/Users/hakan.dagdelen/.m2/repository/io/zipkin/brave/brave-instrumentation-kafka-streams/5.9.0/brave-instrumentation-kafka-streams-5.9.0.jar:/Users/hakan.dagdelen/.m2/repository/io/zipkin/brave/brave-instrumentation-httpclient/5.9.0/brave-instrumentation-httpclient-5.9.0.jar:/Users/hakan.dagdelen/.m2/repository/io/zipkin/brave/brave-instrumentation-httpasyncclient/5.9.0/brave-instrumentation-httpasyncclient-5.9.0.jar:/Users/hakan.dagdelen/.m2/repository/io/zipkin/brave/brave-instrumentation-spring-webmvc/5.9.0/brave-instrumentation-spring-webmvc-5.9.0.jar:/Users/hakan.dagdelen/.m2/repository/io/zipkin/brave/brave-instrumentation-servlet/5.9.0/brave-instrumentation-servlet-5.9.0.jar:/Users/hakan.dagdelen/.m2/repository/io/zipkin/brave/brave-instrumentation-jms/5.9.0/brave-instrumentation-jms-5.9.0.jar:/Users/hakan.dagdelen/.m2/repository/io/zipkin/reporter2/zipkin-reporter-metrics-micrometer/2.11.0/zipkin-reporter-metrics-micrometer-2.11.0.jar:/Users/hakan.dagdelen/.m2/repository/org/springframework/cloud/spring-cloud-sleuth-zipkin/2.2.0.RELEASE/spring-cloud-sleuth-zipkin-2.2.0.RELEASE.jar:/Users/hakan.dagdelen/.m2/repository/io/zipkin/zipkin2/zipkin/2.19.0/zipkin-2.19.0.jar:/Users/hakan.dagdelen/.m2/repository/io/zipkin/reporter2/zipkin-reporter/2.11.0/zipkin-reporter-2.11.0.jar:/Users/hakan.dagdelen/.m2/repository/io/zipkin/reporter2/zipkin-sender-kafka/2.11.0/zipkin-sender-kafka-2.11.0.jar:/Users/hakan.dagdelen/.m2/repository/io/zipkin/reporter2/zipkin-sender-activemq-client/2.11.0/zipkin-sender-activemq-client-2.11.0.jar:/Users/hakan.dagdelen/.m2/repository/io/zipkin/reporter2/zipkin-sender-amqp-client/2.11.0/zipkin-sender-amqp-client-2.11.0.jar:/Users/hakan.dagdelen/.m2/repository/org/junit/jupiter/junit-jupiter-api/5.8.2/junit-jupiter-api-5.8.2.jar:/Users/hakan.dagdelen/.m2/repository/org/opentest4j/opentest4j/1.2.0/opentest4j-1.2.0.jar:/Users/hakan.dagdelen/.m2/repository/org/junit/platform/junit-platform-commons/1.6.2/junit-platform-commons-1.6.2.jar:/Users/hakan.dagdelen/.m2/repository/org/apiguardian/apiguardian-api/1.1.2/apiguardian-api-1.1.2.jar:/Users/hakan.dagdelen/.m2/repository/org/junit/jupiter/junit-jupiter-params/5.8.2/junit-jupiter-params-5.8.2.jar:/Users/hakan.dagdelen/.m2/repository/org/assertj/assertj-core/3.22.0/assertj-core-3.22.0.jar:/Users/hakan.dagdelen/.m2/repository/org/springframework/cloud/spring-cloud-starter-config/2.2.0.RELEASE/spring-cloud-starter-config-2.2.0.RELEASE.jar:/Users/hakan.dagdelen/.m2/repository/org/springframework/cloud/spring-cloud-config-client/2.2.0.RELEASE/spring-cloud-config-client-2.2.0.RELEASE.jar:/Users/hakan.dagdelen/.m2/repository/com/fasterxml/jackson/core/jackson-databind/2.11.0/jackson-databind-2.11.0.jar:/Users/hakan.dagdelen/.m2/repository/org/springframework/boot/spring-boot-starter-web/2.3.0.RELEASE/spring-boot-starter-web-2.3.0.RELEASE.jar:/Users/hakan.dagdelen/.m2/repository/org/springframework/boot/spring-boot-starter-json/2.3.0.RELEASE/spring-boot-starter-json-2.3.0.RELEASE.jar:/Users/hakan.dagdelen/.m2/repository/com/fasterxml/jackson/datatype/jackson-datatype-jdk8/2.11.0/jackson-datatype-jdk8-2.11.0.jar:/Users/hakan.dagdelen/.m2/repository/com/fasterxml/jackson/datatype/jackson-datatype-jsr310/2.11.0/jackson-datatype-jsr310-2.11.0.jar:/Users/hakan.dagdelen/.m2/repository/com/fasterxml/jackson/module/jackson-module-parameter-names/2.11.0/jackson-module-parameter-names-2.11.0.jar:/Users/hakan.dagdelen/.m2/repository/org/springframework/boot/spring-boot-starter-tomcat/2.3.0.RELEASE/spring-boot-starter-tomcat-2.3.0.RELEASE.jar:/Users/hakan.dagdelen/.m2/repository/org/apache/tomcat/embed/tomcat-embed-core/9.0.35/tomcat-embed-core-9.0.35.jar:/Users/hakan.dagdelen/.m2/repository/org/glassfish/jakarta.el/3.0.3/jakarta.el-3.0.3.jar:/Users/hakan.dagdelen/.m2/repository/org/apache/tomcat/embed/tomcat-embed-websocket/9.0.35/tomcat-embed-websocket-9.0.35.jar:/Users/hakan.dagdelen/.m2/repository/org/springframework/spring-web/5.2.6.RELEASE/spring-web-5.2.6.RELEASE.jar:/Users/hakan.dagdelen/.m2/repository/org/springframework/spring-webmvc/5.2.6.RELEASE/spring-webmvc-5.2.6.RELEASE.jar:/Users/hakan.dagdelen/.m2/repository/org/springframework/spring-expression/5.2.6.RELEASE/spring-expression-5.2.6.RELEASE.jar:/Users/hakan.dagdelen/.m2/repository/org/springframework/boot/spring-boot-starter-actuator/2.3.0.RELEASE/spring-boot-starter-actuator-2.3.0.RELEASE.jar:/Users/hakan.dagdelen/.m2/repository/org/springframework/boot/spring-boot-actuator-autoconfigure/2.3.0.RELEASE/spring-boot-actuator-autoconfigure-2.3.0.RELEASE.jar:/Users/hakan.dagdelen/.m2/repository/org/springframework/boot/spring-boot-actuator/2.3.0.RELEASE/spring-boot-actuator-2.3.0.RELEASE.jar:/Users/hakan.dagdelen/.m2/repository/io/micrometer/micrometer-core/1.5.1/micrometer-core-1.5.1.jar:/Users/hakan.dagdelen/.m2/repository/org/hdrhistogram/HdrHistogram/2.1.12/HdrHistogram-2.1.12.jar:/Users/hakan.dagdelen/.m2/repository/org/latencyutils/LatencyUtils/2.0.3/LatencyUtils-2.0.3.jar:/Users/hakan.dagdelen/.m2/repository/io/springfox/springfox-boot-starter/3.0.0/springfox-boot-starter-3.0.0.jar:/Users/hakan.dagdelen/.m2/repository/io/springfox/springfox-oas/3.0.0/springfox-oas-3.0.0.jar:/Users/hakan.dagdelen/.m2/repository/io/swagger/core/v3/swagger-annotations/2.1.2/swagger-annotations-2.1.2.jar:/Users/hakan.dagdelen/.m2/repository/io/swagger/core/v3/swagger-models/2.1.2/swagger-models-2.1.2.jar:/Users/hakan.dagdelen/.m2/repository/io/springfox/springfox-spi/3.0.0/springfox-spi-3.0.0.jar:/Users/hakan.dagdelen/.m2/repository/io/springfox/springfox-schema/3.0.0/springfox-schema-3.0.0.jar:/Users/hakan.dagdelen/.m2/repository/io/springfox/springfox-core/3.0.0/springfox-core-3.0.0.jar:/Users/hakan.dagdelen/.m2/repository/io/springfox/springfox-spring-web/3.0.0/springfox-spring-web-3.0.0.jar:/Users/hakan.dagdelen/.m2/repository/io/github/classgraph/classgraph/4.8.83/classgraph-4.8.83.jar:/Users/hakan.dagdelen/.m2/repository/io/springfox/springfox-spring-webmvc/3.0.0/springfox-spring-webmvc-3.0.0.jar:/Users/hakan.dagdelen/.m2/repository/io/springfox/springfox-spring-webflux/3.0.0/springfox-spring-webflux-3.0.0.jar:/Users/hakan.dagdelen/.m2/repository/io/springfox/springfox-swagger-common/3.0.0/springfox-swagger-common-3.0.0.jar:/Users/hakan.dagdelen/.m2/repository/io/springfox/springfox-data-rest/3.0.0/springfox-data-rest-3.0.0.jar:/Users/hakan.dagdelen/.m2/repository/io/springfox/springfox-bean-validators/3.0.0/springfox-bean-validators-3.0.0.jar:/Users/hakan.dagdelen/.m2/repository/io/springfox/springfox-swagger2/3.0.0/springfox-swagger2-3.0.0.jar:/Users/hakan.dagdelen/.m2/repository/io/swagger/swagger-annotations/1.5.20/swagger-annotations-1.5.20.jar:/Users/hakan.dagdelen/.m2/repository/io/swagger/swagger-models/1.5.20/swagger-models-1.5.20.jar:/Users/hakan.dagdelen/.m2/repository/io/springfox/springfox-swagger-ui/3.0.0/springfox-swagger-ui-3.0.0.jar:/Users/hakan.dagdelen/.m2/repository/com/fasterxml/classmate/1.5.1/classmate-1.5.1.jar:/Users/hakan.dagdelen/.m2/repository/org/slf4j/slf4j-api/1.7.30/slf4j-api-1.7.30.jar:/Users/hakan.dagdelen/.m2/repository/org/springframework/plugin/spring-plugin-core/2.0.0.RELEASE/spring-plugin-core-2.0.0.RELEASE.jar:/Users/hakan.dagdelen/.m2/repository/org/springframework/plugin/spring-plugin-metadata/2.0.0.RELEASE/spring-plugin-metadata-2.0.0.RELEASE.jar:"/>
    <property name="java.vm.vendor" value="Oracle Corporation"/>
    <property name="sun.arch.data.model" value="64"/>
    <property name="java.vendor.url" value="https://java.oracle.com/"/>
    <property name="os.name" value="Mac OS X"/>
    <property name="java.vm.specification.version" value="17"/>
    <property name="sun.java.launcher" value="SUN_STANDARD"/>
    <property name="user.country" value="TR"/>
    <property name="sun.boot.library.path" value="/Users/hakan.dagdelen/Library/Java/JavaVirtualMachines/openjdk-17.0.1/Contents/Home/lib"/>
    <property name="sun.java.command" value="/Users/hakan.dagdelen/Desktop/hakan-dagdelen-case/fleet-management-app/fleet-management-service/target/surefire/surefirebooter16797304642200115515.jar /Users/hakan.dagdelen/Desktop/hakan-dagdelen-case/fleet-management-app/fleet-management-service/target/surefire 2022-05-12T09-10-15_895-jvmRun1 surefire5688318409241529615tmp surefire_01988955705547345681tmp"/>
    <property name="http.nonProxyHosts" value="local|*.local|169.254/16|*.169.254/16"/>
    <property name="jdk.debug" value="release"/>
    <property name="surefire.test.class.path" value="/Users/hakan.dagdelen/Desktop/hakan-dagdelen-case/fleet-management-app/fleet-management-service/target/test-classes:/Users/hakan.dagdelen/Desktop/hakan-dagdelen-case/fleet-management-app/fleet-management-service/target/classes:/Users/hakan.dagdelen/.m2/repository/org/projectlombok/lombok/1.18.22/lombok-1.18.22.jar:/Users/hakan.dagdelen/.m2/repository/org/springframework/boot/spring-boot-starter-test/2.3.0.RELEASE/spring-boot-starter-test-2.3.0.RELEASE.jar:/Users/hakan.dagdelen/.m2/repository/org/springframework/boot/spring-boot-starter/2.3.0.RELEASE/spring-boot-starter-2.3.0.RELEASE.jar:/Users/hakan.dagdelen/.m2/repository/org/springframework/boot/spring-boot/2.3.0.RELEASE/spring-boot-2.3.0.RELEASE.jar:/Users/hakan.dagdelen/.m2/repository/org/springframework/boot/spring-boot-autoconfigure/2.3.0.RELEASE/spring-boot-autoconfigure-2.3.0.RELEASE.jar:/Users/hakan.dagdelen/.m2/repository/org/springframework/boot/spring-boot-starter-logging/2.3.0.RELEASE/spring-boot-starter-logging-2.3.0.RELEASE.jar:/Users/hakan.dagdelen/.m2/repository/ch/qos/logback/logback-classic/1.2.3/logback-classic-1.2.3.jar:/Users/hakan.dagdelen/.m2/repository/ch/qos/logback/logback-core/1.2.3/logback-core-1.2.3.jar:/Users/hakan.dagdelen/.m2/repository/org/apache/logging/log4j/log4j-to-slf4j/2.13.2/log4j-to-slf4j-2.13.2.jar:/Users/hakan.dagdelen/.m2/repository/org/apache/logging/log4j/log4j-api/2.13.2/log4j-api-2.13.2.jar:/Users/hakan.dagdelen/.m2/repository/org/slf4j/jul-to-slf4j/1.7.30/jul-to-slf4j-1.7.30.jar:/Users/hakan.dagdelen/.m2/repository/jakarta/annotation/jakarta.annotation-api/1.3.5/jakarta.annotation-api-1.3.5.jar:/Users/hakan.dagdelen/.m2/repository/org/yaml/snakeyaml/1.26/snakeyaml-1.26.jar:/Users/hakan.dagdelen/.m2/repository/org/springframework/boot/spring-boot-test/2.3.0.RELEASE/spring-boot-test-2.3.0.RELEASE.jar:/Users/hakan.dagdelen/.m2/repository/org/springframework/boot/spring-boot-test-autoconfigure/2.3.0.RELEASE/spring-boot-test-autoconfigure-2.3.0.RELEASE.jar:/Users/hakan.dagdelen/.m2/repository/com/jayway/jsonpath/json-path/2.4.0/json-path-2.4.0.jar:/Users/hakan.dagdelen/.m2/repository/net/minidev/json-smart/2.3/json-smart-2.3.jar:/Users/hakan.dagdelen/.m2/repository/net/minidev/accessors-smart/1.2/accessors-smart-1.2.jar:/Users/hakan.dagdelen/.m2/repository/org/ow2/asm/asm/5.0.4/asm-5.0.4.jar:/Users/hakan.dagdelen/.m2/repository/jakarta/xml/bind/jakarta.xml.bind-api/2.3.3/jakarta.xml.bind-api-2.3.3.jar:/Users/hakan.dagdelen/.m2/repository/jakarta/activation/jakarta.activation-api/1.2.2/jakarta.activation-api-1.2.2.jar:/Users/hakan.dagdelen/.m2/repository/org/hamcrest/hamcrest/2.2/hamcrest-2.2.jar:/Users/hakan.dagdelen/.m2/repository/org/junit/jupiter/junit-jupiter/5.6.2/junit-jupiter-5.6.2.jar:/Users/hakan.dagdelen/.m2/repository/org/junit/jupiter/junit-jupiter-engine/5.6.2/junit-jupiter-engine-5.6.2.jar:/Users/hakan.dagdelen/.m2/repository/org/junit/vintage/junit-vintage-engine/5.6.2/junit-vintage-engine-5.6.2.jar:/Users/hakan.dagdelen/.m2/repository/org/junit/platform/junit-platform-engine/1.6.2/junit-platform-engine-1.6.2.jar:/Users/hakan.dagdelen/.m2/repository/junit/junit/4.13/junit-4.13.jar:/Users/hakan.dagdelen/.m2/repository/org/mockito/mockito-core/3.3.3/mockito-core-3.3.3.jar:/Users/hakan.dagdelen/.m2/repository/net/bytebuddy/byte-buddy/1.10.10/byte-buddy-1.10.10.jar:/Users/hakan.dagdelen/.m2/repository/net/bytebuddy/byte-buddy-agent/1.10.10/byte-buddy-agent-1.10.10.jar:/Users/hakan.dagdelen/.m2/repository/org/objenesis/objenesis/2.6/objenesis-2.6.jar:/Users/hakan.dagdelen/.m2/repository/org/mockito/mockito-junit-jupiter/3.3.3/mockito-junit-jupiter-3.3.3.jar:/Users/hakan.dagdelen/.m2/repository/org/skyscreamer/jsonassert/1.5.0/jsonassert-1.5.0.jar:/Users/hakan.dagdelen/.m2/repository/com/vaadin/external/google/android-json/0.0.20131108.vaadin1/android-json-0.0.20131108.vaadin1.jar:/Users/hakan.dagdelen/.m2/repository/org/springframework/spring-core/5.2.6.RELEASE/spring-core-5.2.6.RELEASE.jar:/Users/hakan.dagdelen/.m2/repository/org/springframework/spring-jcl/5.2.6.RELEASE/spring-jcl-5.2.6.RELEASE.jar:/Users/hakan.dagdelen/.m2/repository/org/springframework/spring-test/5.2.6.RELEASE/spring-test-5.2.6.RELEASE.jar:/Users/hakan.dagdelen/.m2/repository/org/xmlunit/xmlunit-core/2.7.0/xmlunit-core-2.7.0.jar:/Users/hakan.dagdelen/.m2/repository/org/springframework/boot/spring-boot-starter-data-jpa/2.3.0.RELEASE/spring-boot-starter-data-jpa-2.3.0.RELEASE.jar:/Users/hakan.dagdelen/.m2/repository/org/springframework/boot/spring-boot-starter-aop/2.3.0.RELEASE/spring-boot-starter-aop-2.3.0.RELEASE.jar:/Users/hakan.dagdelen/.m2/repository/org/springframework/spring-aop/5.2.6.RELEASE/spring-aop-5.2.6.RELEASE.jar:/Users/hakan.dagdelen/.m2/repository/org/aspectj/aspectjweaver/1.9.5/aspectjweaver-1.9.5.jar:/Users/hakan.dagdelen/.m2/repository/org/springframework/boot/spring-boot-starter-jdbc/2.3.0.RELEASE/spring-boot-starter-jdbc-2.3.0.RELEASE.jar:/Users/hakan.dagdelen/.m2/repository/com/zaxxer/HikariCP/3.4.5/HikariCP-3.4.5.jar:/Users/hakan.dagdelen/.m2/repository/org/springframework/spring-jdbc/5.2.6.RELEASE/spring-jdbc-5.2.6.RELEASE.jar:/Users/hakan.dagdelen/.m2/repository/jakarta/transaction/jakarta.transaction-api/1.3.3/jakarta.transaction-api-1.3.3.jar:/Users/hakan.dagdelen/.m2/repository/jakarta/persistence/jakarta.persistence-api/2.2.3/jakarta.persistence-api-2.2.3.jar:/Users/hakan.dagdelen/.m2/repository/org/hibernate/hibernate-core/5.4.15.Final/hibernate-core-5.4.15.Final.jar:/Users/hakan.dagdelen/.m2/repository/org/jboss/logging/jboss-logging/3.4.1.Final/jboss-logging-3.4.1.Final.jar:/Users/hakan.dagdelen/.m2/repository/org/javassist/javassist/3.24.0-GA/javassist-3.24.0-GA.jar:/Users/hakan.dagdelen/.m2/repository/antlr/antlr/2.7.7/antlr-2.7.7.jar:/Users/hakan.dagdelen/.m2/repository/org/jboss/jandex/2.1.3.Final/jandex-2.1.3.Final.jar:/Users/hakan.dagdelen/.m2/repository/org/dom4j/dom4j/2.1.3/dom4j-2.1.3.jar:/Users/hakan.dagdelen/.m2/repository/org/hibernate/common/hibernate-commons-annotations/5.1.0.Final/hibernate-commons-annotations-5.1.0.Final.jar:/Users/hakan.dagdelen/.m2/repository/org/glassfish/jaxb/jaxb-runtime/2.3.3/jaxb-runtime-2.3.3.jar:/Users/hakan.dagdelen/.m2/repository/org/glassfish/jaxb/txw2/2.3.3/txw2-2.3.3.jar:/Users/hakan.dagdelen/.m2/repository/com/sun/istack/istack-commons-runtime/3.0.11/istack-commons-runtime-3.0.11.jar:/Users/hakan.dagdelen/.m2/repository/com/sun/activation/jakarta.activation/1.2.2/jakarta.activation-1.2.2.jar:/Users/hakan.dagdelen/.m2/repository/org/springframework/data/spring-data-jpa/2.3.0.RELEASE/spring-data-jpa-2.3.0.RELEASE.jar:/Users/hakan.dagdelen/.m2/repository/org/springframework/data/spring-data-commons/2.3.0.RELEASE/spring-data-commons-2.3.0.RELEASE.jar:/Users/hakan.dagdelen/.m2/repository/org/springframework/spring-orm/5.2.6.RELEASE/spring-orm-5.2.6.RELEASE.jar:/Users/hakan.dagdelen/.m2/repository/org/springframework/spring-context/5.2.6.RELEASE/spring-context-5.2.6.RELEASE.jar:/Users/hakan.dagdelen/.m2/repository/org/springframework/spring-tx/5.2.6.RELEASE/spring-tx-5.2.6.RELEASE.jar:/Users/hakan.dagdelen/.m2/repository/org/springframework/spring-beans/5.2.6.RELEASE/spring-beans-5.2.6.RELEASE.jar:/Users/hakan.dagdelen/.m2/repository/org/springframework/spring-aspects/5.2.6.RELEASE/spring-aspects-5.2.6.RELEASE.jar:/Users/hakan.dagdelen/.m2/repository/mysql/mysql-connector-java/8.0.28/mysql-connector-java-8.0.28.jar:/Users/hakan.dagdelen/.m2/repository/org/mapstruct/mapstruct/1.4.2.Final/mapstruct-1.4.2.Final.jar:/Users/hakan.dagdelen/.m2/repository/org/apache/commons/commons-lang3/3.12.0/commons-lang3-3.12.0.jar:/Users/hakan.dagdelen/.m2/repository/com/google/code/gson/gson/2.9.0/gson-2.9.0.jar:/Users/hakan.dagdelen/.m2/repository/org/apache/commons/commons-collections4/4.4/commons-collections4-4.4.jar:/Users/hakan.dagdelen/.m2/repository/javax/validation/validation-api/2.0.1.Final/validation-api-2.0.1.Final.jar:/Users/hakan.dagdelen/.m2/repository/org/springframework/cloud/spring-cloud-starter-netflix-eureka-client/2.2.0.RELEASE/spring-cloud-starter-netflix-eureka-client-2.2.0.RELEASE.jar:/Users/hakan.dagdelen/.m2/repository/org/springframework/cloud/spring-cloud-starter/2.2.0.RELEASE/spring-cloud-starter-2.2.0.RELEASE.jar:/Users/hakan.dagdelen/.m2/repository/org/springframework/cloud/spring-cloud-context/2.2.0.RELEASE/spring-cloud-context-2.2.0.RELEASE.jar:/Users/hakan.dagdelen/.m2/repository/org/springframework/security/spring-security-crypto/5.3.2.RELEASE/spring-security-crypto-5.3.2.RELEASE.jar:/Users/hakan.dagdelen/.m2/repository/org/springframework/cloud/spring-cloud-commons/2.2.0.RELEASE/spring-cloud-commons-2.2.0.RELEASE.jar:/Users/hakan.dagdelen/.m2/repository/org/springframework/security/spring-security-rsa/1.0.7.RELEASE/spring-security-rsa-1.0.7.RELEASE.jar:/Users/hakan.dagdelen/.m2/repository/org/bouncycastle/bcpkix-jdk15on/1.60/bcpkix-jdk15on-1.60.jar:/Users/hakan.dagdelen/.m2/repository/org/bouncycastle/bcprov-jdk15on/1.60/bcprov-jdk15on-1.60.jar:/Users/hakan.dagdelen/.m2/repository/org/springframework/cloud/spring-cloud-netflix-hystrix/2.2.0.RELEASE/spring-cloud-netflix-hystrix-2.2.0.RELEASE.jar:/Users/hakan.dagdelen/.m2/repository/org/springframework/cloud/spring-cloud-netflix-eureka-client/2.2.0.RELEASE/spring-cloud-netflix-eureka-client-2.2.0.RELEASE.jar:/Users/hakan.dagdelen/.m2/repository/com/netflix/eureka/eureka-client/1.9.13/eureka-client-1.9.13.jar:/Users/hakan.dagdelen/.m2/repository/org/codehaus/jettison/jettison/1.3.7/jettison-1.3.7.jar:/Users/hakan.dagdelen/.m2/repository/stax/stax-api/1.0.1/stax-api-1.0.1.jar:/Users/hakan.dagdelen/.m2/repository/com/netflix/netflix-commons/netflix-eventbus/0.3.0/netflix-eventbus-0.3.0.jar:/Users/hakan.dagdelen/.m2/repository/com/netflix/netflix-commons/netflix-infix/0.3.0/netflix-infix-0.3.0.jar:/Users/hakan.dagdelen/.m2/repository/commons-jxpath/commons-jxpath/1.3/commons-jxpath-1.3.jar:/Users/hakan.dagdelen/.m2/repository/joda-time/joda-time/2.3/joda-time-2.3.jar:/Users/hakan.dagdelen/.m2/repository/org/antlr/antlr-runtime/3.4/antlr-runtime-3.4.jar:/Users/hakan.dagdelen/.m2/repository/org/antlr/stringtemplate/3.2.1/stringtemplate-3.2.1.jar:/Users/hakan.dagdelen/.m2/repository/org/apache/commons/commons-math/2.2/commons-math-2.2.jar:/Users/hakan.dagdelen/.m2/repository/com/netflix/archaius/archaius-core/0.7.6/archaius-core-0.7.6.jar:/Users/hakan.dagdelen/.m2/repository/com/google/guava/guava/16.0/guava-16.0.jar:/Users/hakan.dagdelen/.m2/repository/javax/ws/rs/jsr311-api/1.1.1/jsr311-api-1.1.1.jar:/Users/hakan.dagdelen/.m2/repository/com/netflix/servo/servo-core/0.12.21/servo-core-0.12.21.jar:/Users/hakan.dagdelen/.m2/repository/com/sun/jersey/jersey-core/1.19.1/jersey-core-1.19.1.jar:/Users/hakan.dagdelen/.m2/repository/com/sun/jersey/jersey-client/1.19.1/jersey-client-1.19.1.jar:/Users/hakan.dagdelen/.m2/repository/com/sun/jersey/contribs/jersey-apache-client4/1.19.1/jersey-apache-client4-1.19.1.jar:/Users/hakan.dagdelen/.m2/repository/org/apache/httpcomponents/httpclient/4.5.12/httpclient-4.5.12.jar:/Users/hakan.dagdelen/.m2/repository/org/apache/httpcomponents/httpcore/4.4.13/httpcore-4.4.13.jar:/Users/hakan.dagdelen/.m2/repository/commons-codec/commons-codec/1.14/commons-codec-1.14.jar:/Users/hakan.dagdelen/.m2/repository/com/google/inject/guice/4.1.0/guice-4.1.0.jar:/Users/hakan.dagdelen/.m2/repository/javax/inject/javax.inject/1/javax.inject-1.jar:/Users/hakan.dagdelen/.m2/repository/aopalliance/aopalliance/1.0/aopalliance-1.0.jar:/Users/hakan.dagdelen/.m2/repository/com/fasterxml/jackson/core/jackson-annotations/2.11.0/jackson-annotations-2.11.0.jar:/Users/hakan.dagdelen/.m2/repository/com/fasterxml/jackson/core/jackson-core/2.11.0/jackson-core-2.11.0.jar:/Users/hakan.dagdelen/.m2/repository/com/netflix/eureka/eureka-core/1.9.13/eureka-core-1.9.13.jar:/Users/hakan.dagdelen/.m2/repository/com/fasterxml/woodstox/woodstox-core/5.2.1/woodstox-core-5.2.1.jar:/Users/hakan.dagdelen/.m2/repository/org/codehaus/woodstox/stax2-api/4.2/stax2-api-4.2.jar:/Users/hakan.dagdelen/.m2/repository/org/springframework/cloud/spring-cloud-starter-netflix-archaius/2.2.0.RELEASE/spring-cloud-starter-netflix-archaius-2.2.0.RELEASE.jar:/Users/hakan.dagdelen/.m2/repository/org/springframework/cloud/spring-cloud-netflix-ribbon/2.2.0.RELEASE/spring-cloud-netflix-ribbon-2.2.0.RELEASE.jar:/Users/hakan.dagdelen/.m2/repository/org/springframework/cloud/spring-cloud-netflix-archaius/2.2.0.RELEASE/spring-cloud-netflix-archaius-2.2.0.RELEASE.jar:/Users/hakan.dagdelen/.m2/repository/commons-configuration/commons-configuration/1.8/commons-configuration-1.8.jar:/Users/hakan.dagdelen/.m2/repository/commons-lang/commons-lang/2.6/commons-lang-2.6.jar:/Users/hakan.dagdelen/.m2/repository/org/springframework/cloud/spring-cloud-starter-netflix-ribbon/2.2.0.RELEASE/spring-cloud-starter-netflix-ribbon-2.2.0.RELEASE.jar:/Users/hakan.dagdelen/.m2/repository/com/netflix/ribbon/ribbon/2.3.0/ribbon-2.3.0.jar:/Users/hakan.dagdelen/.m2/repository/com/netflix/ribbon/ribbon-transport/2.3.0/ribbon-transport-2.3.0.jar:/Users/hakan.dagdelen/.m2/repository/io/reactivex/rxnetty-contexts/0.4.9/rxnetty-contexts-0.4.9.jar:/Users/hakan.dagdelen/.m2/repository/io/reactivex/rxnetty-servo/0.4.9/rxnetty-servo-0.4.9.jar:/Users/hakan.dagdelen/.m2/repository/com/netflix/hystrix/hystrix-core/1.5.18/hystrix-core-1.5.18.jar:/Users/hakan.dagdelen/.m2/repository/io/reactivex/rxnetty/0.4.9/rxnetty-0.4.9.jar:/Users/hakan.dagdelen/.m2/repository/com/netflix/ribbon/ribbon-core/2.3.0/ribbon-core-2.3.0.jar:/Users/hakan.dagdelen/.m2/repository/com/netflix/ribbon/ribbon-httpclient/2.3.0/ribbon-httpclient-2.3.0.jar:/Users/hakan.dagdelen/.m2/repository/commons-collections/commons-collections/3.2.2/commons-collections-3.2.2.jar:/Users/hakan.dagdelen/.m2/repository/com/netflix/netflix-commons/netflix-commons-util/0.3.0/netflix-commons-util-0.3.0.jar:/Users/hakan.dagdelen/.m2/repository/com/netflix/ribbon/ribbon-loadbalancer/2.3.0/ribbon-loadbalancer-2.3.0.jar:/Users/hakan.dagdelen/.m2/repository/com/netflix/netflix-commons/netflix-statistics/0.1.1/netflix-statistics-0.1.1.jar:/Users/hakan.dagdelen/.m2/repository/io/reactivex/rxjava/1.3.8/rxjava-1.3.8.jar:/Users/hakan.dagdelen/.m2/repository/org/springframework/cloud/spring-cloud-starter-loadbalancer/2.2.0.RELEASE/spring-cloud-starter-loadbalancer-2.2.0.RELEASE.jar:/Users/hakan.dagdelen/.m2/repository/org/springframework/cloud/spring-cloud-loadbalancer/2.2.0.RELEASE/spring-cloud-loadbalancer-2.2.0.RELEASE.jar:/Users/hakan.dagdelen/.m2/repository/io/projectreactor/reactor-core/3.3.5.RELEASE/reactor-core-3.3.5.RELEASE.jar:/Users/hakan.dagdelen/.m2/repository/org/reactivestreams/reactive-streams/1.0.3/reactive-streams-1.0.3.jar:/Users/hakan.dagdelen/.m2/repository/io/projectreactor/addons/reactor-extra/3.3.3.RELEASE/reactor-extra-3.3.3.RELEASE.jar:/Users/hakan.dagdelen/.m2/repository/org/springframework/boot/spring-boot-starter-cache/2.3.0.RELEASE/spring-boot-starter-cache-2.3.0.RELEASE.jar:/Users/hakan.dagdelen/.m2/repository/org/springframework/spring-context-support/5.2.6.RELEASE/spring-context-support-5.2.6.RELEASE.jar:/Users/hakan.dagdelen/.m2/repository/com/stoyanr/evictor/1.0.0/evictor-1.0.0.jar:/Users/hakan.dagdelen/.m2/repository/com/netflix/ribbon/ribbon-eureka/2.3.0/ribbon-eureka-2.3.0.jar:/Users/hakan.dagdelen/.m2/repository/com/thoughtworks/xstream/xstream/1.4.11.1/xstream-1.4.11.1.jar:/Users/hakan.dagdelen/.m2/repository/xmlpull/xmlpull/1.1.3.1/xmlpull-1.1.3.1.jar:/Users/hakan.dagdelen/.m2/repository/xpp3/xpp3_min/1.1.4c/xpp3_min-1.1.4c.jar:/Users/hakan.dagdelen/.m2/repository/org/springframework/cloud/spring-cloud-starter-zipkin/2.2.0.RELEASE/spring-cloud-starter-zipkin-2.2.0.RELEASE.jar:/Users/hakan.dagdelen/.m2/repository/org/springframework/cloud/spring-cloud-starter-sleuth/2.2.0.RELEASE/spring-cloud-starter-sleuth-2.2.0.RELEASE.jar:/Users/hakan.dagdelen/.m2/repository/org/springframework/cloud/spring-cloud-sleuth-core/2.2.0.RELEASE/spring-cloud-sleuth-core-2.2.0.RELEASE.jar:/Users/hakan.dagdelen/.m2/repository/org/aspectj/aspectjrt/1.9.5/aspectjrt-1.9.5.jar:/Users/hakan.dagdelen/.m2/repository/io/zipkin/brave/brave/5.9.0/brave-5.9.0.jar:/Users/hakan.dagdelen/.m2/repository/io/zipkin/brave/brave-context-log4j2/5.9.0/brave-context-log4j2-5.9.0.jar:/Users/hakan.dagdelen/.m2/repository/io/zipkin/brave/brave-instrumentation-messaging/5.9.0/brave-instrumentation-messaging-5.9.0.jar:/Users/hakan.dagdelen/.m2/repository/io/zipkin/brave/brave-instrumentation-rpc/5.9.0/brave-instrumentation-rpc-5.9.0.jar:/Users/hakan.dagdelen/.m2/repository/io/zipkin/brave/brave-instrumentation-spring-web/5.9.0/brave-instrumentation-spring-web-5.9.0.jar:/Users/hakan.dagdelen/.m2/repository/io/zipkin/brave/brave-instrumentation-http/5.9.0/brave-instrumentation-http-5.9.0.jar:/Users/hakan.dagdelen/.m2/repository/io/zipkin/brave/brave-instrumentation-spring-rabbit/5.9.0/brave-instrumentation-spring-rabbit-5.9.0.jar:/Users/hakan.dagdelen/.m2/repository/io/zipkin/brave/brave-instrumentation-kafka-clients/5.9.0/brave-instrumentation-kafka-clients-5.9.0.jar:/Users/hakan.dagdelen/.m2/repository/io/zipkin/brave/brave-instrumentation-kafka-streams/5.9.0/brave-instrumentation-kafka-streams-5.9.0.jar:/Users/hakan.dagdelen/.m2/repository/io/zipkin/brave/brave-instrumentation-httpclient/5.9.0/brave-instrumentation-httpclient-5.9.0.jar:/Users/hakan.dagdelen/.m2/repository/io/zipkin/brave/brave-instrumentation-httpasyncclient/5.9.0/brave-instrumentation-httpasyncclient-5.9.0.jar:/Users/hakan.dagdelen/.m2/repository/io/zipkin/brave/brave-instrumentation-spring-webmvc/5.9.0/brave-instrumentation-spring-webmvc-5.9.0.jar:/Users/hakan.dagdelen/.m2/repository/io/zipkin/brave/brave-instrumentation-servlet/5.9.0/brave-instrumentation-servlet-5.9.0.jar:/Users/hakan.dagdelen/.m2/repository/io/zipkin/brave/brave-instrumentation-jms/5.9.0/brave-instrumentation-jms-5.9.0.jar:/Users/hakan.dagdelen/.m2/repository/io/zipkin/reporter2/zipkin-reporter-metrics-micrometer/2.11.0/zipkin-reporter-metrics-micrometer-2.11.0.jar:/Users/hakan.dagdelen/.m2/repository/org/springframework/cloud/spring-cloud-sleuth-zipkin/2.2.0.RELEASE/spring-cloud-sleuth-zipkin-2.2.0.RELEASE.jar:/Users/hakan.dagdelen/.m2/repository/io/zipkin/zipkin2/zipkin/2.19.0/zipkin-2.19.0.jar:/Users/hakan.dagdelen/.m2/repository/io/zipkin/reporter2/zipkin-reporter/2.11.0/zipkin-reporter-2.11.0.jar:/Users/hakan.dagdelen/.m2/repository/io/zipkin/reporter2/zipkin-sender-kafka/2.11.0/zipkin-sender-kafka-2.11.0.jar:/Users/hakan.dagdelen/.m2/repository/io/zipkin/reporter2/zipkin-sender-activemq-client/2.11.0/zipkin-sender-activemq-client-2.11.0.jar:/Users/hakan.dagdelen/.m2/repository/io/zipkin/reporter2/zipkin-sender-amqp-client/2.11.0/zipkin-sender-amqp-client-2.11.0.jar:/Users/hakan.dagdelen/.m2/repository/org/junit/jupiter/junit-jupiter-api/5.8.2/junit-jupiter-api-5.8.2.jar:/Users/hakan.dagdelen/.m2/repository/org/opentest4j/opentest4j/1.2.0/opentest4j-1.2.0.jar:/Users/hakan.dagdelen/.m2/repository/org/junit/platform/junit-platform-commons/1.6.2/junit-platform-commons-1.6.2.jar:/Users/hakan.dagdelen/.m2/repository/org/apiguardian/apiguardian-api/1.1.2/apiguardian-api-1.1.2.jar:/Users/hakan.dagdelen/.m2/repository/org/junit/jupiter/junit-jupiter-params/5.8.2/junit-jupiter-params-5.8.2.jar:/Users/hakan.dagdelen/.m2/repository/org/assertj/assertj-core/3.22.0/assertj-core-3.22.0.jar:/Users/hakan.dagdelen/.m2/repository/org/springframework/cloud/spring-cloud-starter-config/2.2.0.RELEASE/spring-cloud-starter-config-2.2.0.RELEASE.jar:/Users/hakan.dagdelen/.m2/repository/org/springframework/cloud/spring-cloud-config-client/2.2.0.RELEASE/spring-cloud-config-client-2.2.0.RELEASE.jar:/Users/hakan.dagdelen/.m2/repository/com/fasterxml/jackson/core/jackson-databind/2.11.0/jackson-databind-2.11.0.jar:/Users/hakan.dagdelen/.m2/repository/org/springframework/boot/spring-boot-starter-web/2.3.0.RELEASE/spring-boot-starter-web-2.3.0.RELEASE.jar:/Users/hakan.dagdelen/.m2/repository/org/springframework/boot/spring-boot-starter-json/2.3.0.RELEASE/spring-boot-starter-json-2.3.0.RELEASE.jar:/Users/hakan.dagdelen/.m2/repository/com/fasterxml/jackson/datatype/jackson-datatype-jdk8/2.11.0/jackson-datatype-jdk8-2.11.0.jar:/Users/hakan.dagdelen/.m2/repository/com/fasterxml/jackson/datatype/jackson-datatype-jsr310/2.11.0/jackson-datatype-jsr310-2.11.0.jar:/Users/hakan.dagdelen/.m2/repository/com/fasterxml/jackson/module/jackson-module-parameter-names/2.11.0/jackson-module-parameter-names-2.11.0.jar:/Users/hakan.dagdelen/.m2/repository/org/springframework/boot/spring-boot-starter-tomcat/2.3.0.RELEASE/spring-boot-starter-tomcat-2.3.0.RELEASE.jar:/Users/hakan.dagdelen/.m2/repository/org/apache/tomcat/embed/tomcat-embed-core/9.0.35/tomcat-embed-core-9.0.35.jar:/Users/hakan.dagdelen/.m2/repository/org/glassfish/jakarta.el/3.0.3/jakarta.el-3.0.3.jar:/Users/hakan.dagdelen/.m2/repository/org/apache/tomcat/embed/tomcat-embed-websocket/9.0.35/tomcat-embed-websocket-9.0.35.jar:/Users/hakan.dagdelen/.m2/repository/org/springframework/spring-web/5.2.6.RELEASE/spring-web-5.2.6.RELEASE.jar:/Users/hakan.dagdelen/.m2/repository/org/springframework/spring-webmvc/5.2.6.RELEASE/spring-webmvc-5.2.6.RELEASE.jar:/Users/hakan.dagdelen/.m2/repository/org/springframework/spring-expression/5.2.6.RELEASE/spring-expression-5.2.6.RELEASE.jar:/Users/hakan.dagdelen/.m2/repository/org/springframework/boot/spring-boot-starter-actuator/2.3.0.RELEASE/spring-boot-starter-actuator-2.3.0.RELEASE.jar:/Users/hakan.dagdelen/.m2/repository/org/springframework/boot/spring-boot-actuator-autoconfigure/2.3.0.RELEASE/spring-boot-actuator-autoconfigure-2.3.0.RELEASE.jar:/Users/hakan.dagdelen/.m2/repository/org/springframework/boot/spring-boot-actuator/2.3.0.RELEASE/spring-boot-actuator-2.3.0.RELEASE.jar:/Users/hakan.dagdelen/.m2/repository/io/micrometer/micrometer-core/1.5.1/micrometer-core-1.5.1.jar:/Users/hakan.dagdelen/.m2/repository/org/hdrhistogram/HdrHistogram/2.1.12/HdrHistogram-2.1.12.jar:/Users/hakan.dagdelen/.m2/repository/org/latencyutils/LatencyUtils/2.0.3/LatencyUtils-2.0.3.jar:/Users/hakan.dagdelen/.m2/repository/io/springfox/springfox-boot-starter/3.0.0/springfox-boot-starter-3.0.0.jar:/Users/hakan.dagdelen/.m2/repository/io/springfox/springfox-oas/3.0.0/springfox-oas-3.0.0.jar:/Users/hakan.dagdelen/.m2/repository/io/swagger/core/v3/swagger-annotations/2.1.2/swagger-annotations-2.1.2.jar:/Users/hakan.dagdelen/.m2/repository/io/swagger/core/v3/swagger-models/2.1.2/swagger-models-2.1.2.jar:/Users/hakan.dagdelen/.m2/repository/io/springfox/springfox-spi/3.0.0/springfox-spi-3.0.0.jar:/Users/hakan.dagdelen/.m2/repository/io/springfox/springfox-schema/3.0.0/springfox-schema-3.0.0.jar:/Users/hakan.dagdelen/.m2/repository/io/springfox/springfox-core/3.0.0/springfox-core-3.0.0.jar:/Users/hakan.dagdelen/.m2/repository/io/springfox/springfox-spring-web/3.0.0/springfox-spring-web-3.0.0.jar:/Users/hakan.dagdelen/.m2/repository/io/github/classgraph/classgraph/4.8.83/classgraph-4.8.83.jar:/Users/hakan.dagdelen/.m2/repository/io/springfox/springfox-spring-webmvc/3.0.0/springfox-spring-webmvc-3.0.0.jar:/Users/hakan.dagdelen/.m2/repository/io/springfox/springfox-spring-webflux/3.0.0/springfox-spring-webflux-3.0.0.jar:/Users/hakan.dagdelen/.m2/repository/io/springfox/springfox-swagger-common/3.0.0/springfox-swagger-common-3.0.0.jar:/Users/hakan.dagdelen/.m2/repository/io/springfox/springfox-data-rest/3.0.0/springfox-data-rest-3.0.0.jar:/Users/hakan.dagdelen/.m2/repository/io/springfox/springfox-bean-validators/3.0.0/springfox-bean-validators-3.0.0.jar:/Users/hakan.dagdelen/.m2/repository/io/springfox/springfox-swagger2/3.0.0/springfox-swagger2-3.0.0.jar:/Users/hakan.dagdelen/.m2/repository/io/swagger/swagger-annotations/1.5.20/swagger-annotations-1.5.20.jar:/Users/hakan.dagdelen/.m2/repository/io/swagger/swagger-models/1.5.20/swagger-models-1.5.20.jar:/Users/hakan.dagdelen/.m2/repository/io/springfox/springfox-swagger-ui/3.0.0/springfox-swagger-ui-3.0.0.jar:/Users/hakan.dagdelen/.m2/repository/com/fasterxml/classmate/1.5.1/classmate-1.5.1.jar:/Users/hakan.dagdelen/.m2/repository/org/slf4j/slf4j-api/1.7.30/slf4j-api-1.7.30.jar:/Users/hakan.dagdelen/.m2/repository/org/springframework/plugin/spring-plugin-core/2.0.0.RELEASE/spring-plugin-core-2.0.0.RELEASE.jar:/Users/hakan.dagdelen/.m2/repository/org/springframework/plugin/spring-plugin-metadata/2.0.0.RELEASE/spring-plugin-metadata-2.0.0.RELEASE.jar:"/>
    <property name="sun.cpu.endian" value="little"/>
    <property name="user.home" value="/Users/hakan.dagdelen"/>
    <property name="user.language" value="tr"/>
    <property name="java.specification.vendor" value="Oracle Corporation"/>
    <property name="java.version.date" value="2021-10-19"/>
    <property name="java.home" value="/Users/hakan.dagdelen/Library/Java/JavaVirtualMachines/openjdk-17.0.1/Contents/Home"/>
    <property name="file.separator" value="/"/>
    <property name="basedir" value="/Users/hakan.dagdelen/Desktop/hakan-dagdelen-case/fleet-management-app/fleet-management-service"/>
    <property name="java.vm.compressedOopsMode" value="Zero based"/>
    <property name="line.separator" value="&#10;"/>
    <property name="java.specification.name" value="Java Platform API Specification"/>
    <property name="java.vm.specification.vendor" value="Oracle Corporation"/>
    <property name="surefire.real.class.path" value="/Users/hakan.dagdelen/Desktop/hakan-dagdelen-case/fleet-management-app/fleet-management-service/target/surefire/surefirebooter16797304642200115515.jar"/>
    <property name="sun.management.compiler" value="HotSpot 64-Bit Tiered Compilers"/>
    <property name="ftp.nonProxyHosts" value="local|*.local|169.254/16|*.169.254/16"/>
    <property name="java.runtime.version" value="17.0.1+12-39"/>
    <property name="user.name" value="hakan.dagdelen"/>
    <property name="path.separator" value=":"/>
    <property name="os.version" value="12.1"/>
    <property name="java.runtime.name" value="OpenJDK Runtime Environment"/>
    <property name="file.encoding" value="UTF-8"/>
    <property name="java.vm.name" value="OpenJDK 64-Bit Server VM"/>
    <property name="localRepository" value="/Users/hakan.dagdelen/.m2/repository"/>
    <property name="java.vendor.url.bug" value="https://bugreport.java.com/bugreport/"/>
    <property name="java.io.tmpdir" value="/var/folders/pl/_8ypgnwn2d92n3mqj2b_0_6w0000jr/T/"/>
    <property name="idea.version" value="2021.3.1"/>
    <property name="java.version" value="17.0.1"/>
    <property name="user.dir" value="/Users/hakan.dagdelen/Desktop/hakan-dagdelen-case/fleet-management-app/fleet-management-service"/>
    <property name="os.arch" value="aarch64"/>
    <property name="java.vm.specification.name" value="Java Virtual Machine Specification"/>
    <property name="native.encoding" value="UTF-8"/>
    <property name="java.library.path" value="/Users/hakan.dagdelen/Library/Java/Extensions:/Library/Java/Extensions:/Network/Library/Java/Extensions:/System/Library/Java/Extensions:/usr/lib/java:."/>
    <property name="java.vm.info" value="mixed mode, sharing"/>
    <property name="java.vendor" value="Oracle Corporation"/>
    <property name="java.vm.version" value="17.0.1+12-39"/>
    <property name="sun.io.unicode.encoding" value="UnicodeBig"/>
    <property name="socksNonProxyHosts" value="local|*.local|169.254/16|*.169.254/16"/>
    <property name="java.class.version" value="61.0"/>
  </properties>
  <testcase name="whenCreateBagThenReturnCreateBagDto" classname="service.BagServiceTest" time="0.003"/>
</testsuite>